mode: atomic
github.com/sfborg/harvester/main.go:32.13,37.2 3 0
github.com/sfborg/harvester/cmd/flags.go:17.38,19.7 2 0
github.com/sfborg/harvester/cmd/flags.go:19.7,23.3 3 0
github.com/sfborg/harvester/cmd/flags.go:26.38,28.7 2 0
github.com/sfborg/harvester/cmd/flags.go:28.7,30.3 1 0
github.com/sfborg/harvester/cmd/flags.go:33.34,35.7 2 0
github.com/sfborg/harvester/cmd/flags.go:35.7,37.3 1 0
github.com/sfborg/harvester/cmd/flags.go:40.35,42.13 2 0
github.com/sfborg/harvester/cmd/flags.go:42.13,44.3 1 0
github.com/sfborg/harvester/cmd/flags.go:47.35,49.13 2 0
github.com/sfborg/harvester/cmd/flags.go:49.13,51.3 1 0
github.com/sfborg/harvester/cmd/flags.go:54.42,56.13 2 0
github.com/sfborg/harvester/cmd/flags.go:56.13,58.3 1 0
github.com/sfborg/harvester/cmd/flags.go:61.35,63.7 2 0
github.com/sfborg/harvester/cmd/flags.go:63.7,65.3 1 0
github.com/sfborg/harvester/cmd/flags.go:68.35,70.13 2 0
github.com/sfborg/harvester/cmd/flags.go:70.13,73.3 2 0
github.com/sfborg/harvester/cmd/flags.go:76.37,78.11 2 0
github.com/sfborg/harvester/cmd/flags.go:79.10,80.9 1 0
github.com/sfborg/harvester/cmd/flags.go:81.14,82.59 1 0
github.com/sfborg/harvester/cmd/flags.go:83.16,84.58 1 0
github.com/sfborg/harvester/cmd/flags.go:85.17,86.61 1 0
github.com/sfborg/harvester/cmd/flags.go:87.10,90.75 2 0
github.com/sfborg/harvester/cmd/flags.go:94.37,96.7 2 0
github.com/sfborg/harvester/cmd/flags.go:96.7,98.3 1 0
github.com/sfborg/harvester/cmd/flags.go:101.36,103.11 2 0
github.com/sfborg/harvester/cmd/flags.go:104.22,105.43 1 0
github.com/sfborg/harvester/cmd/flags.go:106.10,109.4 1 0
github.com/sfborg/harvester/cmd/get.go:39.47,40.37 1 0
github.com/sfborg/harvester/cmd/get.go:40.37,43.4 2 0
github.com/sfborg/harvester/cmd/get.go:45.3,50.27 2 0
github.com/sfborg/harvester/cmd/get.go:50.27,52.4 1 0
github.com/sfborg/harvester/cmd/get.go:54.3,58.14 4 0
github.com/sfborg/harvester/cmd/get.go:58.14,62.4 3 0
github.com/sfborg/harvester/cmd/get.go:64.3,65.21 2 0
github.com/sfborg/harvester/cmd/get.go:65.21,67.4 1 0
github.com/sfborg/harvester/cmd/get.go:69.3,70.17 2 0
github.com/sfborg/harvester/cmd/get.go:70.17,76.4 2 0
github.com/sfborg/harvester/cmd/get.go:80.57,82.27 2 0
github.com/sfborg/harvester/cmd/get.go:82.27,84.3 1 0
github.com/sfborg/harvester/cmd/get.go:85.2,87.33 3 0
github.com/sfborg/harvester/cmd/get.go:87.33,89.3 1 0
github.com/sfborg/harvester/cmd/get.go:90.2,90.25 1 0
github.com/sfborg/harvester/cmd/get.go:90.25,91.14 1 0
github.com/sfborg/harvester/cmd/get.go:91.14,93.4 1 0
github.com/sfborg/harvester/cmd/get.go:95.2,95.11 1 0
github.com/sfborg/harvester/cmd/get.go:98.13,130.2 9 0
github.com/sfborg/harvester/cmd/list.go:38.47,40.27 2 0
github.com/sfborg/harvester/cmd/list.go:40.27,42.4 1 0
github.com/sfborg/harvester/cmd/list.go:44.3,49.22 4 0
github.com/sfborg/harvester/cmd/list.go:49.22,52.4 2 0
github.com/sfborg/harvester/cmd/list.go:52.9,54.24 2 0
github.com/sfborg/harvester/cmd/list.go:54.24,56.5 1 0
github.com/sfborg/harvester/cmd/list.go:57.4,58.29 2 0
github.com/sfborg/harvester/cmd/list.go:58.29,61.5 2 0
github.com/sfborg/harvester/cmd/list.go:66.13,70.2 2 0
github.com/sfborg/harvester/cmd/root.go:37.47,40.3 2 0
github.com/sfborg/harvester/cmd/root.go:45.16,47.16 2 0
github.com/sfborg/harvester/cmd/root.go:47.16,49.3 1 0
github.com/sfborg/harvester/cmd/root.go:52.13,54.2 1 0
github.com/sfborg/harvester/internal/base/base.go:24.61,35.2 4 0
github.com/sfborg/harvester/internal/base/base.go:37.44,39.2 1 0
github.com/sfborg/harvester/internal/base/base.go:41.36,43.2 1 0
github.com/sfborg/harvester/internal/base/base.go:45.35,47.2 1 0
github.com/sfborg/harvester/internal/base/base.go:49.42,51.2 1 0
github.com/sfborg/harvester/internal/base/base.go:52.40,54.2 1 0
github.com/sfborg/harvester/internal/base/base.go:56.48,60.16 4 0
github.com/sfborg/harvester/internal/base/base.go:60.16,62.3 1 0
github.com/sfborg/harvester/internal/base/base.go:64.2,64.26 1 0
github.com/sfborg/harvester/internal/base/base.go:64.26,69.3 2 0
github.com/sfborg/harvester/internal/base/base.go:71.2,71.21 1 0
github.com/sfborg/harvester/internal/base/base.go:71.21,74.3 2 0
github.com/sfborg/harvester/internal/base/base.go:76.2,78.16 3 0
github.com/sfborg/harvester/internal/base/base.go:78.16,80.3 1 0
github.com/sfborg/harvester/internal/base/base.go:81.2,81.18 1 0
github.com/sfborg/harvester/internal/base/base.go:84.48,86.33 2 0
github.com/sfborg/harvester/internal/base/base.go:87.19,88.23 1 0
github.com/sfborg/harvester/internal/base/base.go:89.19,90.23 1 0
github.com/sfborg/harvester/internal/base/base.go:91.21,92.25 1 0
github.com/sfborg/harvester/internal/base/base.go:93.21,94.26 1 0
github.com/sfborg/harvester/internal/base/base.go:95.21,96.25 1 0
github.com/sfborg/harvester/internal/base/base.go:97.10,98.66 1 0
github.com/sfborg/harvester/internal/base/base.go:100.2,101.16 2 0
github.com/sfborg/harvester/internal/base/base.go:101.16,103.3 1 0
github.com/sfborg/harvester/internal/base/base.go:104.2,104.12 1 0
github.com/sfborg/harvester/internal/base/base.go:107.54,112.16 4 0
github.com/sfborg/harvester/internal/base/base.go:112.16,114.3 1 0
github.com/sfborg/harvester/internal/base/base.go:115.2,116.16 2 0
github.com/sfborg/harvester/internal/base/base.go:116.16,118.3 1 0
github.com/sfborg/harvester/internal/base/base.go:119.2,119.18 1 0
github.com/sfborg/harvester/internal/base/base.go:122.50,125.2 2 0
github.com/sfborg/harvester/internal/list/list.go:13.63,24.2 2 0
github.com/sfborg/harvester/internal/output/output.go:23.50,26.22 3 0
github.com/sfborg/harvester/internal/output/output.go:26.22,28.3 1 0
github.com/sfborg/harvester/internal/output/output.go:29.2,30.27 2 0
github.com/sfborg/harvester/internal/output/output.go:30.27,39.3 3 0
github.com/sfborg/harvester/internal/output/output.go:40.2,40.37 1 0
github.com/sfborg/harvester/internal/output/output.go:43.26,53.37 7 0
github.com/sfborg/harvester/internal/output/output.go:53.37,62.3 3 0
github.com/sfborg/harvester/internal/output/output.go:63.2,63.12 1 0
github.com/sfborg/harvester/internal/sources/grin/grin.go:29.44,44.2 3 0
github.com/sfborg/harvester/internal/sources/grin/grin.go:46.43,49.16 3 0
github.com/sfborg/harvester/internal/sources/grin/grin.go:49.16,51.3 1 0
github.com/sfborg/harvester/internal/sources/grin/grin.go:53.2,54.16 2 0
github.com/sfborg/harvester/internal/sources/grin/grin.go:54.16,56.3 1 0
github.com/sfborg/harvester/internal/sources/grin/grin.go:58.2,59.16 2 0
github.com/sfborg/harvester/internal/sources/grin/grin.go:59.16,61.3 1 0
github.com/sfborg/harvester/internal/sources/grin/grin.go:63.2,64.16 2 0
github.com/sfborg/harvester/internal/sources/grin/grin.go:64.16,66.3 1 0
github.com/sfborg/harvester/internal/sources/grin/grin.go:70.2,71.16 2 0
github.com/sfborg/harvester/internal/sources/grin/grin.go:71.16,73.3 1 0
github.com/sfborg/harvester/internal/sources/grin/grin.go:75.2,77.26 2 0
github.com/sfborg/harvester/internal/sources/grin/grin.go:77.26,80.17 3 0
github.com/sfborg/harvester/internal/sources/grin/grin.go:80.17,82.4 1 0
github.com/sfborg/harvester/internal/sources/grin/grin.go:85.2,85.12 1 0
github.com/sfborg/harvester/internal/sources/grin/grin.go:88.46,90.16 2 0
github.com/sfborg/harvester/internal/sources/grin/grin.go:90.16,92.3 1 0
github.com/sfborg/harvester/internal/sources/grin/grin.go:93.2,94.26 2 0
github.com/sfborg/harvester/internal/sources/grin/grin.go:94.26,95.39 1 0
github.com/sfborg/harvester/internal/sources/grin/grin.go:95.39,97.4 1 0
github.com/sfborg/harvester/internal/sources/grin/grin.go:99.2,99.17 1 0
github.com/sfborg/harvester/internal/sources/grin/grin.go:102.49,107.16 4 0
github.com/sfborg/harvester/internal/sources/grin/grin.go:107.16,109.3 1 0
github.com/sfborg/harvester/internal/sources/grin/grin.go:110.2,117.53 6 0
github.com/sfborg/harvester/internal/sources/grin/grin.go:117.53,119.3 1 0
github.com/sfborg/harvester/internal/sources/grin/grin.go:120.2,128.16 4 0
github.com/sfborg/harvester/internal/sources/grin/grin.go:128.16,130.3 1 0
github.com/sfborg/harvester/internal/sources/grin/grin.go:132.2,134.12 2 0
github.com/sfborg/harvester/internal/sources/grin/grin.go:142.9,145.16 2 0
github.com/sfborg/harvester/internal/sources/grin/grin.go:145.16,147.3 1 0
github.com/sfborg/harvester/internal/sources/grin/grin.go:149.2,149.15 1 0
github.com/sfborg/harvester/internal/sources/grin/grin.go:149.15,150.17 1 0
github.com/sfborg/harvester/internal/sources/grin/grin.go:150.17,153.4 2 0
github.com/sfborg/harvester/internal/sources/grin/grin.go:156.2,156.55 1 0
github.com/sfborg/harvester/internal/sources/grin/grin.go:156.55,158.3 1 0
github.com/sfborg/harvester/internal/sources/grin/grin.go:159.2,173.16 6 0
github.com/sfborg/harvester/internal/sources/grin/grin.go:173.16,175.3 1 0
github.com/sfborg/harvester/internal/sources/grin/grin.go:176.2,178.12 2 0
github.com/sfborg/harvester/internal/sources/grin/grin.go:178.12,181.23 3 0
github.com/sfborg/harvester/internal/sources/grin/grin.go:181.23,183.25 2 0
github.com/sfborg/harvester/internal/sources/grin/grin.go:183.25,186.5 2 0
github.com/sfborg/harvester/internal/sources/grin/grin.go:188.4,189.26 2 0
github.com/sfborg/harvester/internal/sources/grin/grin.go:189.26,190.19 1 0
github.com/sfborg/harvester/internal/sources/grin/grin.go:190.19,192.6 1 0
github.com/sfborg/harvester/internal/sources/grin/grin.go:193.5,193.18 1 0
github.com/sfborg/harvester/internal/sources/grin/grin.go:196.4,197.18 2 0
github.com/sfborg/harvester/internal/sources/grin/grin.go:197.18,198.74 1 0
github.com/sfborg/harvester/internal/sources/grin/grin.go:202.2,203.21 2 0
github.com/sfborg/harvester/internal/sources/grin/grin.go:203.21,207.3 3 0
github.com/sfborg/harvester/internal/sources/grin/grin.go:208.2,208.38 1 0
github.com/sfborg/harvester/internal/sources/grin/grin.go:208.38,210.3 1 0
github.com/sfborg/harvester/internal/sources/grin/grin.go:211.2,216.16 4 0
github.com/sfborg/harvester/internal/sources/grin/grin.go:216.16,218.3 1 0
github.com/sfborg/harvester/internal/sources/grin/grin.go:220.2,222.12 3 0
github.com/sfborg/harvester/internal/sources/grin/meta.go:5.35,24.29 2 0
github.com/sfborg/harvester/internal/sources/grin/meta.go:24.29,26.3 1 0
github.com/sfborg/harvester/internal/sources/grin/meta.go:27.2,28.12 2 0
github.com/sfborg/harvester/internal/sources/grin/name_usage.go:14.41,31.16 3 0
github.com/sfborg/harvester/internal/sources/grin/name_usage.go:31.16,33.3 1 0
github.com/sfborg/harvester/internal/sources/grin/name_usage.go:34.2,40.16 3 0
github.com/sfborg/harvester/internal/sources/grin/name_usage.go:40.16,42.3 1 0
github.com/sfborg/harvester/internal/sources/grin/name_usage.go:43.2,48.18 5 0
github.com/sfborg/harvester/internal/sources/grin/name_usage.go:48.18,68.33 11 0
github.com/sfborg/harvester/internal/sources/grin/name_usage.go:68.33,71.4 2 0
github.com/sfborg/harvester/internal/sources/grin/name_usage.go:73.3,74.23 2 0
github.com/sfborg/harvester/internal/sources/grin/name_usage.go:74.23,76.41 2 0
github.com/sfborg/harvester/internal/sources/grin/name_usage.go:76.41,79.5 2 0
github.com/sfborg/harvester/internal/sources/grin/name_usage.go:81.3,81.48 1 0
github.com/sfborg/harvester/internal/sources/grin/name_usage.go:81.48,83.4 1 0
github.com/sfborg/harvester/internal/sources/grin/name_usage.go:85.3,111.24 3 0
github.com/sfborg/harvester/internal/sources/grin/name_usage.go:113.2,114.16 2 0
github.com/sfborg/harvester/internal/sources/grin/name_usage.go:114.16,116.3 1 0
github.com/sfborg/harvester/internal/sources/grin/name_usage.go:118.2,119.32 2 0
github.com/sfborg/harvester/internal/sources/grin/name_usage.go:119.32,125.3 2 0
github.com/sfborg/harvester/internal/sources/grin/name_usage.go:126.2,127.16 2 0
github.com/sfborg/harvester/internal/sources/grin/name_usage.go:127.16,129.3 1 0
github.com/sfborg/harvester/internal/sources/grin/name_usage.go:131.2,131.12 1 0
github.com/sfborg/harvester/internal/sources/grin/name_usage.go:136.44,137.22 1 0
github.com/sfborg/harvester/internal/sources/grin/name_usage.go:137.22,139.3 1 0
github.com/sfborg/harvester/internal/sources/grin/name_usage.go:140.2,140.21 1 0
github.com/sfborg/harvester/internal/sources/grin/name_usage.go:141.10,143.49 2 0
github.com/sfborg/harvester/internal/sources/grin/name_usage.go:144.17,145.45 1 0
github.com/sfborg/harvester/internal/sources/grin/name_usage.go:146.10,147.49 1 0
github.com/sfborg/harvester/internal/sources/grin/name_usage.go:151.48,152.22 1 0
github.com/sfborg/harvester/internal/sources/grin/name_usage.go:152.22,154.3 1 0
github.com/sfborg/harvester/internal/sources/grin/name_usage.go:155.2,155.19 1 0
github.com/sfborg/harvester/internal/sources/grin/name_usage.go:158.58,166.16 4 0
github.com/sfborg/harvester/internal/sources/grin/name_usage.go:166.16,168.3 1 0
github.com/sfborg/harvester/internal/sources/grin/name_usage.go:169.2,172.18 3 0
github.com/sfborg/harvester/internal/sources/grin/name_usage.go:172.18,175.17 3 0
github.com/sfborg/harvester/internal/sources/grin/name_usage.go:175.17,177.4 1 0
github.com/sfborg/harvester/internal/sources/grin/name_usage.go:178.3,178.26 1 0
github.com/sfborg/harvester/internal/sources/grin/name_usage.go:180.2,180.17 1 0
github.com/sfborg/harvester/internal/sources/grin/sfga.go:10.48,16.16 5 0
github.com/sfborg/harvester/internal/sources/grin/sfga.go:16.16,18.3 1 0
github.com/sfborg/harvester/internal/sources/grin/sfga.go:20.2,22.16 3 0
github.com/sfborg/harvester/internal/sources/grin/sfga.go:22.16,24.3 1 0
github.com/sfborg/harvester/internal/sources/grin/sfga.go:26.2,28.16 3 0
github.com/sfborg/harvester/internal/sources/grin/sfga.go:28.16,30.3 1 0
github.com/sfborg/harvester/internal/sources/grin/sfga.go:32.2,32.12 1 0
github.com/sfborg/harvester/internal/sources/grin/vern.go:10.35,17.16 3 0
github.com/sfborg/harvester/internal/sources/grin/vern.go:17.16,19.3 1 0
github.com/sfborg/harvester/internal/sources/grin/vern.go:20.2,23.18 3 0
github.com/sfborg/harvester/internal/sources/grin/vern.go:23.18,26.17 3 0
github.com/sfborg/harvester/internal/sources/grin/vern.go:26.17,28.4 1 0
github.com/sfborg/harvester/internal/sources/grin/vern.go:29.3,37.26 3 0
github.com/sfborg/harvester/internal/sources/grin/vern.go:39.2,40.12 2 0
github.com/sfborg/harvester/internal/sources/grin/vern.go:43.48,47.17 4 0
github.com/sfborg/harvester/internal/sources/grin/vern.go:47.17,49.3 1 0
github.com/sfborg/harvester/internal/sources/grin/vern.go:50.2,52.26 3 0
github.com/sfborg/harvester/internal/sources/ioc/ioc.go:21.44,36.2 3 0
github.com/sfborg/harvester/internal/sources/ioc/ioc.go:38.42,43.16 5 0
github.com/sfborg/harvester/internal/sources/ioc/ioc.go:43.16,45.3 1 0
github.com/sfborg/harvester/internal/sources/ioc/ioc.go:46.2,46.12 1 0
github.com/sfborg/harvester/internal/sources/ioc/meta.go:12.34,14.16 2 0
github.com/sfborg/harvester/internal/sources/ioc/meta.go:14.16,16.3 1 0
github.com/sfborg/harvester/internal/sources/ioc/meta.go:17.2,26.29 4 0
github.com/sfborg/harvester/internal/sources/ioc/meta.go:26.29,28.3 1 0
github.com/sfborg/harvester/internal/sources/ioc/meta.go:29.2,30.12 2 0
github.com/sfborg/harvester/internal/sources/ioc/meta.go:33.51,36.16 3 0
github.com/sfborg/harvester/internal/sources/ioc/meta.go:36.16,38.3 1 0
github.com/sfborg/harvester/internal/sources/ioc/meta.go:39.2,48.38 7 0
github.com/sfborg/harvester/internal/sources/ioc/meta.go:48.38,50.3 1 0
github.com/sfborg/harvester/internal/sources/ioc/meta.go:51.2,54.20 3 0
github.com/sfborg/harvester/internal/sources/ioc/meta.go:54.20,58.3 3 0
github.com/sfborg/harvester/internal/sources/ioc/meta.go:61.2,63.16 3 0
github.com/sfborg/harvester/internal/sources/ioc/meta.go:63.16,65.3 1 0
github.com/sfborg/harvester/internal/sources/ioc/meta.go:66.2,70.21 4 0
github.com/sfborg/harvester/internal/sources/ioc/meta.go:70.21,72.17 2 0
github.com/sfborg/harvester/internal/sources/ioc/meta.go:72.17,74.4 1 0
github.com/sfborg/harvester/internal/sources/ioc/meta.go:77.2,77.38 1 0
github.com/sfborg/harvester/internal/sources/ioc/meta.go:77.38,79.3 1 0
github.com/sfborg/harvester/internal/sources/ioc/meta.go:80.2,82.18 2 0
github.com/sfborg/harvester/internal/sources/ioc/name_usage.go:42.21,44.2 1 0
github.com/sfborg/harvester/internal/sources/ioc/name_usage.go:46.50,47.26 1 0
github.com/sfborg/harvester/internal/sources/ioc/name_usage.go:47.26,48.19 1 0
github.com/sfborg/harvester/internal/sources/ioc/name_usage.go:48.19,51.9 3 0
github.com/sfborg/harvester/internal/sources/ioc/name_usage.go:54.2,61.18 8 0
github.com/sfborg/harvester/internal/sources/ioc/name_usage.go:64.32,65.27 1 0
github.com/sfborg/harvester/internal/sources/ioc/name_usage.go:65.27,66.27 1 0
github.com/sfborg/harvester/internal/sources/ioc/name_usage.go:66.27,69.17 3 0
github.com/sfborg/harvester/internal/sources/ioc/name_usage.go:69.17,71.5 1 0
github.com/sfborg/harvester/internal/sources/ioc/name_usage.go:74.2,77.31 3 0
github.com/sfborg/harvester/internal/sources/ioc/name_usage.go:80.40,99.49 2 0
github.com/sfborg/harvester/internal/sources/ioc/name_usage.go:99.49,101.3 1 0
github.com/sfborg/harvester/internal/sources/ioc/name_usage.go:102.2,102.27 1 0
github.com/sfborg/harvester/internal/sources/ioc/name_usage.go:102.27,104.3 1 0
github.com/sfborg/harvester/internal/sources/ioc/name_usage.go:105.2,110.36 5 0
github.com/sfborg/harvester/internal/sources/ioc/name_usage.go:110.36,112.3 1 0
github.com/sfborg/harvester/internal/sources/ioc/name_usage.go:113.2,113.35 1 0
github.com/sfborg/harvester/internal/sources/ioc/name_usage.go:113.35,115.3 1 0
github.com/sfborg/harvester/internal/sources/ioc/name_usage.go:116.2,118.30 2 0
github.com/sfborg/harvester/internal/sources/ioc/name_usage.go:118.30,120.3 1 0
github.com/sfborg/harvester/internal/sources/ioc/name_usage.go:122.2,124.12 2 0
github.com/sfborg/harvester/internal/sources/ioc/name_usage.go:127.40,128.24 1 0
github.com/sfborg/harvester/internal/sources/ioc/name_usage.go:128.24,130.3 1 0
github.com/sfborg/harvester/internal/sources/ioc/name_usage.go:131.2,136.13 2 0
github.com/sfborg/harvester/internal/sources/ioc/name_usage.go:139.28,141.26 2 0
github.com/sfborg/harvester/internal/sources/ioc/name_usage.go:141.26,142.18 1 0
github.com/sfborg/harvester/internal/sources/ioc/name_usage.go:142.18,144.12 2 0
github.com/sfborg/harvester/internal/sources/ioc/name_usage.go:146.3,146.12 1 0
github.com/sfborg/harvester/internal/sources/ioc/name_usage.go:146.12,148.4 1 0
github.com/sfborg/harvester/internal/sources/ioc/name_usage.go:150.2,150.10 1 0
github.com/sfborg/harvester/internal/sources/ioc/name_usage.go:153.40,165.16 7 0
github.com/sfborg/harvester/internal/sources/ioc/name_usage.go:165.16,167.3 1 0
github.com/sfborg/harvester/internal/sources/ioc/name_usage.go:168.2,171.12 3 0
github.com/sfborg/harvester/internal/sources/ioc/name_usage.go:171.12,174.21 3 0
github.com/sfborg/harvester/internal/sources/ioc/name_usage.go:174.21,179.17 5 0
github.com/sfborg/harvester/internal/sources/ioc/name_usage.go:179.17,181.5 1 0
github.com/sfborg/harvester/internal/sources/ioc/name_usage.go:182.4,183.32 2 0
github.com/sfborg/harvester/internal/sources/ioc/name_usage.go:183.32,185.5 1 0
github.com/sfborg/harvester/internal/sources/ioc/name_usage.go:190.2,198.12 6 0
github.com/sfborg/harvester/internal/sources/ioc/name_usage.go:201.61,203.28 2 0
github.com/sfborg/harvester/internal/sources/ioc/name_usage.go:203.28,205.3 1 0
github.com/sfborg/harvester/internal/sources/ioc/name_usage.go:206.2,206.12 1 0
github.com/sfborg/harvester/internal/sources/ioc/sfga.go:10.47,16.16 5 0
github.com/sfborg/harvester/internal/sources/ioc/sfga.go:16.16,18.3 1 0
github.com/sfborg/harvester/internal/sources/ioc/sfga.go:20.2,22.16 3 0
github.com/sfborg/harvester/internal/sources/ioc/sfga.go:22.16,24.3 1 0
github.com/sfborg/harvester/internal/sources/ioc/sfga.go:32.2,32.12 1 0
github.com/sfborg/harvester/internal/sources/ion/ion.go:17.44,31.2 3 0
github.com/sfborg/harvester/internal/sources/ion/ion.go:33.42,35.16 2 0
github.com/sfborg/harvester/internal/sources/ion/ion.go:35.16,37.3 1 0
github.com/sfborg/harvester/internal/sources/ion/ion.go:38.2,38.12 1 0
github.com/sfborg/harvester/internal/sources/ion/meta.go:5.34,22.29 2 0
github.com/sfborg/harvester/internal/sources/ion/meta.go:22.29,24.3 1 0
github.com/sfborg/harvester/internal/sources/ion/meta.go:25.2,26.12 2 0
github.com/sfborg/harvester/internal/sources/ion/name.go:19.35,21.16 2 0
github.com/sfborg/harvester/internal/sources/ion/name.go:21.16,23.3 1 0
github.com/sfborg/harvester/internal/sources/ion/name.go:24.2,29.21 3 0
github.com/sfborg/harvester/internal/sources/ion/name.go:29.21,31.3 1 0
github.com/sfborg/harvester/internal/sources/ion/name.go:33.2,38.22 4 0
github.com/sfborg/harvester/internal/sources/ion/name.go:38.22,41.36 3 0
github.com/sfborg/harvester/internal/sources/ion/name.go:41.36,42.55 1 0
github.com/sfborg/harvester/internal/sources/ion/name.go:42.55,44.5 1 0
github.com/sfborg/harvester/internal/sources/ion/name.go:45.4,45.21 1 0
github.com/sfborg/harvester/internal/sources/ion/name.go:49.2,49.20 1 0
github.com/sfborg/harvester/internal/sources/ion/name.go:49.20,50.54 1 0
github.com/sfborg/harvester/internal/sources/ion/name.go:50.54,52.4 1 0
github.com/sfborg/harvester/internal/sources/ion/name.go:55.2,55.37 1 0
github.com/sfborg/harvester/internal/sources/ion/name.go:55.37,57.3 1 0
github.com/sfborg/harvester/internal/sources/ion/name.go:59.2,59.12 1 0
github.com/sfborg/harvester/internal/sources/ion/name.go:64.64,65.43 1 0
github.com/sfborg/harvester/internal/sources/ion/name.go:65.43,74.22 2 0
github.com/sfborg/harvester/internal/sources/ion/name.go:74.22,83.17 4 0
github.com/sfborg/harvester/internal/sources/ion/name.go:83.17,85.5 1 0
github.com/sfborg/harvester/internal/sources/ion/name.go:90.65,95.16 4 0
github.com/sfborg/harvester/internal/sources/ion/name.go:95.16,97.3 1 0
github.com/sfborg/harvester/internal/sources/ion/name.go:98.2,98.12 1 0
github.com/sfborg/harvester/internal/sources/ion/sfga.go:10.47,16.16 5 0
github.com/sfborg/harvester/internal/sources/ion/sfga.go:16.16,18.3 1 0
github.com/sfborg/harvester/internal/sources/ion/sfga.go:20.2,22.16 3 0
github.com/sfborg/harvester/internal/sources/ion/sfga.go:22.16,24.3 1 0
github.com/sfborg/harvester/internal/sources/ion/sfga.go:26.2,26.12 1 0
github.com/sfborg/harvester/internal/sources/paleodb/download.go:14.46,16.24 2 0
github.com/sfborg/harvester/internal/sources/paleodb/download.go:16.24,18.3 1 0
github.com/sfborg/harvester/internal/sources/paleodb/download.go:20.2,21.16 2 0
github.com/sfborg/harvester/internal/sources/paleodb/download.go:21.16,23.3 1 0
github.com/sfborg/harvester/internal/sources/paleodb/download.go:24.2,30.16 6 0
github.com/sfborg/harvester/internal/sources/paleodb/download.go:30.16,32.3 1 0
github.com/sfborg/harvester/internal/sources/paleodb/download.go:34.2,38.16 5 0
github.com/sfborg/harvester/internal/sources/paleodb/download.go:38.16,40.3 1 0
github.com/sfborg/harvester/internal/sources/paleodb/download.go:42.2,46.16 5 0
github.com/sfborg/harvester/internal/sources/paleodb/download.go:46.16,48.3 1 0
github.com/sfborg/harvester/internal/sources/paleodb/download.go:50.2,54.16 5 0
github.com/sfborg/harvester/internal/sources/paleodb/download.go:54.16,56.3 1 0
github.com/sfborg/harvester/internal/sources/paleodb/download.go:58.2,58.16 1 0
github.com/sfborg/harvester/internal/sources/paleodb/download.go:61.43,63.2 1 0
github.com/sfborg/harvester/internal/sources/paleodb/download.go:65.76,67.16 2 0
github.com/sfborg/harvester/internal/sources/paleodb/download.go:67.16,69.3 1 0
github.com/sfborg/harvester/internal/sources/paleodb/download.go:70.2,73.16 3 0
github.com/sfborg/harvester/internal/sources/paleodb/download.go:73.16,75.3 1 0
github.com/sfborg/harvester/internal/sources/paleodb/download.go:76.2,80.16 4 0
github.com/sfborg/harvester/internal/sources/paleodb/download.go:80.16,82.3 1 0
github.com/sfborg/harvester/internal/sources/paleodb/download.go:84.2,85.16 2 0
github.com/sfborg/harvester/internal/sources/paleodb/download.go:85.16,87.3 1 0
github.com/sfborg/harvester/internal/sources/paleodb/download.go:89.2,89.12 1 0
github.com/sfborg/harvester/internal/sources/paleodb/meta.go:5.38,37.2 3 0
github.com/sfborg/harvester/internal/sources/paleodb/name_usage.go:17.3,22.16 5 0
github.com/sfborg/harvester/internal/sources/paleodb/name_usage.go:22.16,24.3 1 0
github.com/sfborg/harvester/internal/sources/paleodb/name_usage.go:25.2,31.12 5 0
github.com/sfborg/harvester/internal/sources/paleodb/name_usage.go:31.12,33.24 2 0
github.com/sfborg/harvester/internal/sources/paleodb/name_usage.go:33.24,38.27 3 0
github.com/sfborg/harvester/internal/sources/paleodb/name_usage.go:38.27,43.25 5 0
github.com/sfborg/harvester/internal/sources/paleodb/name_usage.go:43.25,46.6 2 0
github.com/sfborg/harvester/internal/sources/paleodb/name_usage.go:47.5,47.24 1 0
github.com/sfborg/harvester/internal/sources/paleodb/name_usage.go:47.24,49.6 1 0
github.com/sfborg/harvester/internal/sources/paleodb/name_usage.go:51.5,59.20 7 0
github.com/sfborg/harvester/internal/sources/paleodb/name_usage.go:59.20,61.6 1 0
github.com/sfborg/harvester/internal/sources/paleodb/name_usage.go:63.5,64.21 2 0
github.com/sfborg/harvester/internal/sources/paleodb/name_usage.go:64.21,66.6 1 0
github.com/sfborg/harvester/internal/sources/paleodb/name_usage.go:68.5,69.51 2 0
github.com/sfborg/harvester/internal/sources/paleodb/name_usage.go:69.51,75.6 1 0
github.com/sfborg/harvester/internal/sources/paleodb/name_usage.go:76.5,104.34 4 0
github.com/sfborg/harvester/internal/sources/paleodb/name_usage.go:105.19,106.38 1 0
github.com/sfborg/harvester/internal/sources/paleodb/name_usage.go:107.20,108.37 1 0
github.com/sfborg/harvester/internal/sources/paleodb/name_usage.go:111.5,112.26 2 0
github.com/sfborg/harvester/internal/sources/paleodb/name_usage.go:114.4,115.35 2 0
github.com/sfborg/harvester/internal/sources/paleodb/name_usage.go:119.2,120.16 2 0
github.com/sfborg/harvester/internal/sources/paleodb/name_usage.go:120.16,122.3 1 0
github.com/sfborg/harvester/internal/sources/paleodb/name_usage.go:123.2,126.24 3 0
github.com/sfborg/harvester/internal/sources/paleodb/paleodb.go:26.44,47.2 3 0
github.com/sfborg/harvester/internal/sources/paleodb/paleodb.go:49.32,56.2 2 0
github.com/sfborg/harvester/internal/sources/paleodb/reference.go:12.71,17.16 5 0
github.com/sfborg/harvester/internal/sources/paleodb/reference.go:17.16,19.3 1 0
github.com/sfborg/harvester/internal/sources/paleodb/reference.go:20.2,21.33 2 0
github.com/sfborg/harvester/internal/sources/paleodb/reference.go:21.33,38.3 3 0
github.com/sfborg/harvester/internal/sources/paleodb/reference.go:40.2,41.12 2 0
github.com/sfborg/harvester/internal/sources/paleodb/reference.go:44.32,45.22 1 0
github.com/sfborg/harvester/internal/sources/paleodb/reference.go:45.22,47.3 1 0
github.com/sfborg/harvester/internal/sources/paleodb/reference.go:48.2,48.11 1 0
github.com/sfborg/harvester/internal/sources/paleodb/reference.go:51.34,53.23 2 0
github.com/sfborg/harvester/internal/sources/paleodb/reference.go:53.23,55.3 1 0
github.com/sfborg/harvester/internal/sources/paleodb/reference.go:56.2,56.32 1 0
github.com/sfborg/harvester/internal/sources/paleodb/sfga.go:10.51,18.16 7 0
github.com/sfborg/harvester/internal/sources/paleodb/sfga.go:18.16,20.3 1 0
github.com/sfborg/harvester/internal/sources/paleodb/sfga.go:22.2,24.16 3 0
github.com/sfborg/harvester/internal/sources/paleodb/sfga.go:24.16,26.3 1 0
github.com/sfborg/harvester/internal/sources/paleodb/sfga.go:28.2,30.16 3 0
github.com/sfborg/harvester/internal/sources/paleodb/sfga.go:30.16,32.3 1 0
github.com/sfborg/harvester/internal/sources/paleodb/sfga.go:34.2,36.16 3 0
github.com/sfborg/harvester/internal/sources/paleodb/sfga.go:36.16,38.3 1 0
github.com/sfborg/harvester/internal/sources/paleodb/sfga.go:40.2,40.12 1 0
github.com/sfborg/harvester/internal/sources/paleodb/type_mat.go:17.72,25.16 7 0
github.com/sfborg/harvester/internal/sources/paleodb/type_mat.go:25.16,27.3 1 0
github.com/sfborg/harvester/internal/sources/paleodb/type_mat.go:28.2,33.16 4 0
github.com/sfborg/harvester/internal/sources/paleodb/type_mat.go:33.16,35.3 1 0
github.com/sfborg/harvester/internal/sources/paleodb/type_mat.go:36.2,38.12 3 0
github.com/sfborg/harvester/internal/sources/paleodb/type_mat.go:46.3,50.20 4 0
github.com/sfborg/harvester/internal/sources/paleodb/type_mat.go:50.20,52.23 2 0
github.com/sfborg/harvester/internal/sources/paleodb/type_mat.go:52.23,55.4 2 0
github.com/sfborg/harvester/internal/sources/paleodb/type_mat.go:56.3,58.26 3 0
github.com/sfborg/harvester/internal/sources/paleodb/type_mat.go:58.26,59.12 1 0
github.com/sfborg/harvester/internal/sources/paleodb/type_mat.go:61.3,61.36 1 0
github.com/sfborg/harvester/internal/sources/paleodb/type_mat.go:61.36,73.4 2 0
github.com/sfborg/harvester/internal/sources/paleodb/type_mat.go:75.2,76.59 2 0
github.com/sfborg/harvester/internal/sources/worldplants/wp.go:16.50,29.2 3 0
github.com/sfborg/harvester/internal/sysio/sysio.go:11.42,14.16 3 0
github.com/sfborg/harvester/internal/sysio/sysio.go:14.16,16.3 1 0
github.com/sfborg/harvester/internal/sysio/sysio.go:17.2,18.16 2 0
github.com/sfborg/harvester/internal/sysio/sysio.go:18.16,20.3 1 0
github.com/sfborg/harvester/internal/sysio/sysio.go:22.2,23.16 2 0
github.com/sfborg/harvester/internal/sysio/sysio.go:23.16,25.3 1 0
github.com/sfborg/harvester/internal/sysio/sysio.go:27.2,28.16 2 0
github.com/sfborg/harvester/internal/sysio/sysio.go:28.16,30.3 1 0
github.com/sfborg/harvester/internal/sysio/sysio.go:32.2,32.12 1 0
github.com/sfborg/harvester/internal/sysio/sysio.go:35.38,36.37 1 0
github.com/sfborg/harvester/internal/sysio/sysio.go:37.23,38.33 1 0
github.com/sfborg/harvester/internal/sysio/sysio.go:39.22,40.13 1 0
github.com/sfborg/harvester/internal/sysio/sysio.go:41.25,42.34 1 0
github.com/sfborg/harvester/internal/sysio/sysio.go:43.10,44.59 1 0
github.com/sfborg/harvester/internal/util/util.go:10.39,11.13 1 0
github.com/sfborg/harvester/internal/util/util.go:11.13,13.3 1 0
github.com/sfborg/harvester/internal/util/util.go:15.2,21.34 3 0
github.com/sfborg/harvester/internal/util/util.go:21.34,23.3 1 0
github.com/sfborg/harvester/internal/util/util.go:25.2,25.22 1 0
github.com/sfborg/harvester/internal/util/util.go:30.41,35.12 4 5
github.com/sfborg/harvester/internal/util/util.go:35.12,37.3 1 0
github.com/sfborg/harvester/internal/util/util.go:39.2,39.45 1 5
github.com/sfborg/harvester/internal/util/util.go:39.45,41.3 1 15
github.com/sfborg/harvester/internal/util/util.go:43.2,44.25 2 5
github.com/sfborg/harvester/internal/util/util.go:44.25,45.15 1 11
github.com/sfborg/harvester/internal/util/util.go:45.15,47.9 2 4
github.com/sfborg/harvester/internal/util/util.go:49.3,49.27 1 7
github.com/sfborg/harvester/internal/util/util.go:49.27,51.24 2 4
github.com/sfborg/harvester/internal/util/util.go:51.24,53.5 1 1
github.com/sfborg/harvester/internal/util/util.go:53.10,55.5 1 3
github.com/sfborg/harvester/internal/util/util.go:56.4,58.12 3 4
github.com/sfborg/harvester/internal/util/util.go:60.3,60.28 1 3
github.com/sfborg/harvester/internal/util/util.go:63.2,63.19 1 5
github.com/sfborg/harvester/internal/util/util.go:63.19,65.3 1 1
github.com/sfborg/harvester/internal/util/util.go:67.2,68.29 2 4
github.com/sfborg/harvester/internal/util/util.go:68.29,71.20 3 4
github.com/sfborg/harvester/internal/util/util.go:71.20,73.4 1 2
github.com/sfborg/harvester/internal/util/util.go:76.2,79.14 3 2
github.com/sfborg/harvester/internal/util/util.go:79.14,81.3 1 2
github.com/sfborg/harvester/internal/util/util.go:82.2,82.11 1 2
github.com/sfborg/harvester/internal/util/util.go:85.32,87.40 2 7
github.com/sfborg/harvester/internal/util/util.go:87.40,89.3 1 2
github.com/sfborg/harvester/internal/util/util.go:90.2,90.55 1 5
github.com/sfborg/harvester/internal/util/util.go:90.55,92.3 1 4
github.com/sfborg/harvester/internal/util/util.go:93.2,93.14 1 1
github.com/sfborg/harvester/internal/util/util.go:96.44,103.17 7 4
github.com/sfborg/harvester/internal/util/util.go:103.17,106.3 2 1
github.com/sfborg/harvester/internal/util/util.go:107.2,107.19 1 4
github.com/sfborg/harvester/internal/util/util.go:110.28,111.17 1 4
github.com/sfborg/harvester/internal/util/util.go:111.17,113.3 1 0
github.com/sfborg/harvester/internal/util/util.go:115.2,117.45 2 4
github.com/sfborg/harvester/pkg/harvester.go:21.39,28.2 2 0
github.com/sfborg/harvester/pkg/harvester.go:30.54,32.2 1 0
github.com/sfborg/harvester/pkg/harvester.go:34.54,40.31 6 0
github.com/sfborg/harvester/pkg/harvester.go:40.31,43.3 2 0
github.com/sfborg/harvester/pkg/harvester.go:45.2,45.24 1 0
github.com/sfborg/harvester/pkg/harvester.go:45.24,47.3 1 0
github.com/sfborg/harvester/pkg/harvester.go:47.8,49.17 2 0
github.com/sfborg/harvester/pkg/harvester.go:49.17,51.4 1 0
github.com/sfborg/harvester/pkg/harvester.go:53.3,55.17 3 0
github.com/sfborg/harvester/pkg/harvester.go:55.17,57.4 1 0
github.com/sfborg/harvester/pkg/harvester.go:60.2,62.16 3 0
github.com/sfborg/harvester/pkg/harvester.go:62.16,64.3 1 0
github.com/sfborg/harvester/pkg/harvester.go:66.2,67.16 2 0
github.com/sfborg/harvester/pkg/harvester.go:67.16,69.3 1 0
github.com/sfborg/harvester/pkg/harvester.go:71.2,72.12 2 0
github.com/sfborg/harvester/pkg/version.go:11.34,13.2 1 0
github.com/sfborg/harvester/pkg/config/config.go:81.35,82.25 1 0
github.com/sfborg/harvester/pkg/config/config.go:82.25,84.3 1 0
github.com/sfborg/harvester/pkg/config/config.go:87.36,88.25 1 0
github.com/sfborg/harvester/pkg/config/config.go:88.25,90.3 1 0
github.com/sfborg/harvester/pkg/config/config.go:93.36,94.25 1 0
github.com/sfborg/harvester/pkg/config/config.go:94.25,96.3 1 0
github.com/sfborg/harvester/pkg/config/config.go:99.38,100.25 1 0
github.com/sfborg/harvester/pkg/config/config.go:100.25,102.3 1 0
github.com/sfborg/harvester/pkg/config/config.go:105.37,106.25 1 0
github.com/sfborg/harvester/pkg/config/config.go:106.25,108.3 1 0
github.com/sfborg/harvester/pkg/config/config.go:111.40,112.25 1 0
github.com/sfborg/harvester/pkg/config/config.go:112.25,114.3 1 0
github.com/sfborg/harvester/pkg/config/config.go:117.38,118.25 1 0
github.com/sfborg/harvester/pkg/config/config.go:118.25,120.3 1 0
github.com/sfborg/harvester/pkg/config/config.go:123.41,124.25 1 0
github.com/sfborg/harvester/pkg/config/config.go:124.25,126.3 1 0
github.com/sfborg/harvester/pkg/config/config.go:129.38,130.25 1 0
github.com/sfborg/harvester/pkg/config/config.go:130.25,132.3 1 0
github.com/sfborg/harvester/pkg/config/config.go:135.33,136.25 1 0
github.com/sfborg/harvester/pkg/config/config.go:136.25,138.3 1 0
github.com/sfborg/harvester/pkg/config/config.go:141.40,142.25 1 0
github.com/sfborg/harvester/pkg/config/config.go:142.25,144.3 1 0
github.com/sfborg/harvester/pkg/config/config.go:147.33,150.16 3 0
github.com/sfborg/harvester/pkg/config/config.go:150.16,152.3 1 0
github.com/sfborg/harvester/pkg/config/config.go:153.2,166.27 5 0
github.com/sfborg/harvester/pkg/config/config.go:166.27,168.3 1 0
github.com/sfborg/harvester/pkg/config/config.go:170.2,174.12 4 0
github.com/sfborg/harvester/pkg/data/parser.go:8.62,11.17 2 0
github.com/sfborg/harvester/pkg/data/parser.go:11.17,13.28 2 0
github.com/sfborg/harvester/pkg/data/parser.go:13.28,15.4 1 0
github.com/sfborg/harvester/pkg/data/parser.go:16.3,61.4 23 0
github.com/sfborg/harvester/pkg/data/parser.go:65.31,66.13 1 0
github.com/sfborg/harvester/pkg/data/parser.go:66.13,68.3 1 0
github.com/sfborg/harvester/pkg/data/parser.go:69.2,69.10 1 0
