mode: atomic
github.com/sfborg/harvester/main.go:32.13,37.2 3 0
github.com/sfborg/harvester/cmd/flags.go:17.38,19.7 2 0
github.com/sfborg/harvester/cmd/flags.go:19.7,23.3 3 0
github.com/sfborg/harvester/cmd/flags.go:26.38,28.7 2 0
github.com/sfborg/harvester/cmd/flags.go:28.7,30.3 1 0
github.com/sfborg/harvester/cmd/flags.go:33.34,35.7 2 0
github.com/sfborg/harvester/cmd/flags.go:35.7,37.3 1 0
github.com/sfborg/harvester/cmd/flags.go:40.35,42.13 2 0
github.com/sfborg/harvester/cmd/flags.go:42.13,44.3 1 0
github.com/sfborg/harvester/cmd/flags.go:47.35,49.7 2 0
github.com/sfborg/harvester/cmd/flags.go:49.7,51.3 1 0
github.com/sfborg/harvester/cmd/flags.go:54.35,56.13 2 0
github.com/sfborg/harvester/cmd/flags.go:56.13,59.3 2 0
github.com/sfborg/harvester/cmd/flags.go:62.37,64.11 2 0
github.com/sfborg/harvester/cmd/flags.go:65.10,66.9 1 0
github.com/sfborg/harvester/cmd/flags.go:67.14,68.59 1 0
github.com/sfborg/harvester/cmd/flags.go:69.16,70.58 1 0
github.com/sfborg/harvester/cmd/flags.go:71.17,72.61 1 0
github.com/sfborg/harvester/cmd/flags.go:73.10,76.75 2 0
github.com/sfborg/harvester/cmd/flags.go:80.37,82.7 2 0
github.com/sfborg/harvester/cmd/flags.go:82.7,84.3 1 0
github.com/sfborg/harvester/cmd/flags.go:87.36,89.11 2 0
github.com/sfborg/harvester/cmd/flags.go:90.22,91.43 1 0
github.com/sfborg/harvester/cmd/flags.go:92.10,95.4 1 0
github.com/sfborg/harvester/cmd/list.go:36.47,38.27 2 0
github.com/sfborg/harvester/cmd/list.go:38.27,40.4 1 0
github.com/sfborg/harvester/cmd/list.go:42.3,47.26 4 0
github.com/sfborg/harvester/cmd/list.go:47.26,50.4 2 0
github.com/sfborg/harvester/cmd/list.go:54.13,58.2 2 0
github.com/sfborg/harvester/cmd/make.go:38.47,39.37 1 0
github.com/sfborg/harvester/cmd/make.go:39.37,42.4 2 0
github.com/sfborg/harvester/cmd/make.go:44.3,48.27 2 0
github.com/sfborg/harvester/cmd/make.go:48.27,50.4 1 0
github.com/sfborg/harvester/cmd/make.go:52.3,56.14 4 0
github.com/sfborg/harvester/cmd/make.go:56.14,60.4 3 0
github.com/sfborg/harvester/cmd/make.go:62.3,63.21 2 0
github.com/sfborg/harvester/cmd/make.go:63.21,65.4 1 0
github.com/sfborg/harvester/cmd/make.go:67.3,68.17 2 0
github.com/sfborg/harvester/cmd/make.go:68.17,74.4 2 0
github.com/sfborg/harvester/cmd/make.go:78.57,81.33 3 0
github.com/sfborg/harvester/cmd/make.go:81.33,83.3 1 0
github.com/sfborg/harvester/cmd/make.go:84.2,84.25 1 0
github.com/sfborg/harvester/cmd/make.go:84.25,85.14 1 0
github.com/sfborg/harvester/cmd/make.go:85.14,87.4 1 0
github.com/sfborg/harvester/cmd/make.go:89.2,89.11 1 0
github.com/sfborg/harvester/cmd/make.go:92.13,118.2 7 0
github.com/sfborg/harvester/cmd/root.go:37.47,40.3 2 0
github.com/sfborg/harvester/cmd/root.go:45.16,47.16 2 0
github.com/sfborg/harvester/cmd/root.go:47.16,49.3 1 0
github.com/sfborg/harvester/cmd/root.go:52.13,54.2 1 0
github.com/sfborg/harvester/internal/io/base/base.go:26.57,37.2 4 1
github.com/sfborg/harvester/internal/io/base/base.go:39.44,41.2 1 0
github.com/sfborg/harvester/internal/io/base/base.go:43.36,45.2 1 0
github.com/sfborg/harvester/internal/io/base/base.go:47.35,49.2 1 0
github.com/sfborg/harvester/internal/io/base/base.go:51.42,53.2 1 0
github.com/sfborg/harvester/internal/io/base/base.go:54.40,56.2 1 0
github.com/sfborg/harvester/internal/io/base/base.go:58.48,62.16 4 0
github.com/sfborg/harvester/internal/io/base/base.go:62.16,64.3 1 0
github.com/sfborg/harvester/internal/io/base/base.go:66.2,66.26 1 0
github.com/sfborg/harvester/internal/io/base/base.go:66.26,71.3 2 0
github.com/sfborg/harvester/internal/io/base/base.go:73.2,73.21 1 0
github.com/sfborg/harvester/internal/io/base/base.go:73.21,76.3 2 0
github.com/sfborg/harvester/internal/io/base/base.go:78.2,80.16 3 0
github.com/sfborg/harvester/internal/io/base/base.go:80.16,82.3 1 0
github.com/sfborg/harvester/internal/io/base/base.go:83.2,83.18 1 0
github.com/sfborg/harvester/internal/io/base/base.go:86.47,88.33 2 0
github.com/sfborg/harvester/internal/io/base/base.go:89.19,90.23 1 0
github.com/sfborg/harvester/internal/io/base/base.go:91.19,92.23 1 0
github.com/sfborg/harvester/internal/io/base/base.go:93.21,94.25 1 0
github.com/sfborg/harvester/internal/io/base/base.go:95.21,96.26 1 0
github.com/sfborg/harvester/internal/io/base/base.go:97.21,98.25 1 0
github.com/sfborg/harvester/internal/io/base/base.go:99.10,100.66 1 0
github.com/sfborg/harvester/internal/io/base/base.go:102.2,103.16 2 0
github.com/sfborg/harvester/internal/io/base/base.go:103.16,105.3 1 0
github.com/sfborg/harvester/internal/io/base/base.go:106.2,106.12 1 0
github.com/sfborg/harvester/internal/io/base/base.go:109.54,114.16 4 0
github.com/sfborg/harvester/internal/io/base/base.go:114.16,116.3 1 0
github.com/sfborg/harvester/internal/io/base/base.go:117.2,118.16 2 0
github.com/sfborg/harvester/internal/io/base/base.go:118.16,120.3 1 0
github.com/sfborg/harvester/internal/io/base/base.go:121.2,121.18 1 0
github.com/sfborg/harvester/internal/io/base/base.go:124.52,128.24 3 2
github.com/sfborg/harvester/internal/io/base/base.go:128.24,130.3 1 0
github.com/sfborg/harvester/internal/io/base/base.go:132.2,139.34 2 2
github.com/sfborg/harvester/internal/io/base/base.go:139.34,141.3 1 2
github.com/sfborg/harvester/internal/io/base/base.go:143.2,143.78 1 2
github.com/sfborg/harvester/internal/io/base/base.go:143.78,145.3 1 0
github.com/sfborg/harvester/internal/io/base/base.go:147.2,147.45 1 2
github.com/sfborg/harvester/internal/io/base/base.go:148.31,149.44 1 1
github.com/sfborg/harvester/internal/io/base/base.go:150.29,152.42 2 0
github.com/sfborg/harvester/internal/io/base/base.go:153.34,154.49 1 1
github.com/sfborg/harvester/internal/io/base/base.go:154.49,159.4 4 1
github.com/sfborg/harvester/internal/io/base/base.go:161.2,161.15 1 2
github.com/sfborg/harvester/internal/io/base/base.go:164.50,167.2 2 0
github.com/sfborg/harvester/internal/io/base/base.go:169.48,171.25 2 0
github.com/sfborg/harvester/internal/io/base/base.go:173.9,174.25 1 0
github.com/sfborg/harvester/internal/io/base/base.go:175.9,176.43 1 0
github.com/sfborg/harvester/internal/io/base/base.go:177.10,179.58 2 0
github.com/sfborg/harvester/internal/io/base/base.go:181.2,181.15 1 0
github.com/sfborg/harvester/internal/io/sysio/sysio.go:10.42,12.16 2 0
github.com/sfborg/harvester/internal/io/sysio/sysio.go:12.16,14.3 1 0
github.com/sfborg/harvester/internal/io/sysio/sysio.go:15.2,16.16 2 0
github.com/sfborg/harvester/internal/io/sysio/sysio.go:16.16,18.3 1 0
github.com/sfborg/harvester/internal/io/sysio/sysio.go:20.2,21.16 2 0
github.com/sfborg/harvester/internal/io/sysio/sysio.go:21.16,23.3 1 0
github.com/sfborg/harvester/internal/io/sysio/sysio.go:25.2,26.16 2 0
github.com/sfborg/harvester/internal/io/sysio/sysio.go:26.16,28.3 1 0
github.com/sfborg/harvester/internal/io/sysio/sysio.go:30.2,30.12 1 0
github.com/sfborg/harvester/internal/io/sysio/sysio.go:33.38,34.37 1 0
github.com/sfborg/harvester/internal/io/sysio/sysio.go:35.23,36.33 1 0
github.com/sfborg/harvester/internal/io/sysio/sysio.go:37.22,38.13 1 0
github.com/sfborg/harvester/internal/io/sysio/sysio.go:39.25,40.34 1 0
github.com/sfborg/harvester/internal/io/sysio/sysio.go:41.10,42.59 1 0
github.com/sfborg/harvester/pkg/config/config.go:74.35,75.25 1 0
github.com/sfborg/harvester/pkg/config/config.go:75.25,77.3 1 0
github.com/sfborg/harvester/pkg/config/config.go:80.36,81.25 1 0
github.com/sfborg/harvester/pkg/config/config.go:81.25,83.3 1 0
github.com/sfborg/harvester/pkg/config/config.go:86.36,87.25 1 0
github.com/sfborg/harvester/pkg/config/config.go:87.25,89.3 1 0
github.com/sfborg/harvester/pkg/config/config.go:92.38,93.25 1 0
github.com/sfborg/harvester/pkg/config/config.go:93.25,95.3 1 0
github.com/sfborg/harvester/pkg/config/config.go:98.37,99.25 1 0
github.com/sfborg/harvester/pkg/config/config.go:99.25,101.3 1 0
github.com/sfborg/harvester/pkg/config/config.go:104.40,105.25 1 0
github.com/sfborg/harvester/pkg/config/config.go:105.25,107.3 1 0
github.com/sfborg/harvester/pkg/config/config.go:110.38,111.25 1 0
github.com/sfborg/harvester/pkg/config/config.go:111.25,113.3 1 0
github.com/sfborg/harvester/pkg/config/config.go:116.33,117.25 1 0
github.com/sfborg/harvester/pkg/config/config.go:117.25,119.3 1 0
github.com/sfborg/harvester/pkg/config/config.go:122.40,123.25 1 0
github.com/sfborg/harvester/pkg/config/config.go:123.25,125.3 1 0
github.com/sfborg/harvester/pkg/config/config.go:128.33,131.16 3 1
github.com/sfborg/harvester/pkg/config/config.go:131.16,133.3 1 0
github.com/sfborg/harvester/pkg/config/config.go:135.2,144.27 3 1
github.com/sfborg/harvester/pkg/config/config.go:144.27,146.3 1 0
github.com/sfborg/harvester/pkg/config/config.go:148.2,152.12 4 1
github.com/sfborg/harvester/internal/io/list/list.go:13.63,24.2 2 0
github.com/sfborg/harvester/internal/io/sources/ion/ion.go:17.44,32.2 3 0
github.com/sfborg/harvester/internal/io/sources/ion/ion.go:34.41,36.16 2 0
github.com/sfborg/harvester/internal/io/sources/ion/ion.go:36.16,38.3 1 0
github.com/sfborg/harvester/internal/io/sources/ion/ion.go:39.2,39.12 1 0
github.com/sfborg/harvester/internal/io/sources/ion/meta.go:5.34,24.2 3 0
github.com/sfborg/harvester/internal/io/sources/ion/name.go:19.35,21.16 2 0
github.com/sfborg/harvester/internal/io/sources/ion/name.go:21.16,23.3 1 0
github.com/sfborg/harvester/internal/io/sources/ion/name.go:24.2,29.21 3 0
github.com/sfborg/harvester/internal/io/sources/ion/name.go:29.21,31.3 1 0
github.com/sfborg/harvester/internal/io/sources/ion/name.go:33.2,38.22 4 0
github.com/sfborg/harvester/internal/io/sources/ion/name.go:38.22,41.36 3 0
github.com/sfborg/harvester/internal/io/sources/ion/name.go:41.36,42.55 1 0
github.com/sfborg/harvester/internal/io/sources/ion/name.go:42.55,44.5 1 0
github.com/sfborg/harvester/internal/io/sources/ion/name.go:45.4,45.21 1 0
github.com/sfborg/harvester/internal/io/sources/ion/name.go:49.2,49.20 1 0
github.com/sfborg/harvester/internal/io/sources/ion/name.go:49.20,50.54 1 0
github.com/sfborg/harvester/internal/io/sources/ion/name.go:50.54,52.4 1 0
github.com/sfborg/harvester/internal/io/sources/ion/name.go:55.2,55.37 1 0
github.com/sfborg/harvester/internal/io/sources/ion/name.go:55.37,57.3 1 0
github.com/sfborg/harvester/internal/io/sources/ion/name.go:59.2,59.12 1 0
github.com/sfborg/harvester/internal/io/sources/ion/name.go:64.64,65.43 1 0
github.com/sfborg/harvester/internal/io/sources/ion/name.go:65.43,74.22 2 0
github.com/sfborg/harvester/internal/io/sources/ion/name.go:74.22,83.17 4 0
github.com/sfborg/harvester/internal/io/sources/ion/name.go:83.17,85.5 1 0
github.com/sfborg/harvester/internal/io/sources/ion/name.go:90.65,95.16 4 0
github.com/sfborg/harvester/internal/io/sources/ion/name.go:95.16,97.3 1 0
github.com/sfborg/harvester/internal/io/sources/ion/name.go:98.2,98.12 1 0
github.com/sfborg/harvester/internal/io/sources/ion/sfga.go:10.47,16.16 5 0
github.com/sfborg/harvester/internal/io/sources/ion/sfga.go:16.16,18.3 1 0
github.com/sfborg/harvester/internal/io/sources/ion/sfga.go:20.2,22.16 3 0
github.com/sfborg/harvester/internal/io/sources/ion/sfga.go:22.16,24.3 1 0
github.com/sfborg/harvester/internal/io/sources/ion/sfga.go:26.2,26.12 1 0
github.com/sfborg/harvester/internal/io/sources/itis/itis.go:19.50,31.2 3 0
github.com/sfborg/harvester/internal/io/sources/itis/meta.go:5.35,21.2 3 0
github.com/sfborg/harvester/internal/io/sources/itis/name-usage.go:12.40,59.16 4 0
github.com/sfborg/harvester/internal/io/sources/itis/name-usage.go:59.16,61.3 1 0
github.com/sfborg/harvester/internal/io/sources/itis/name-usage.go:62.2,63.16 2 0
github.com/sfborg/harvester/internal/io/sources/itis/name-usage.go:63.16,65.3 1 0
github.com/sfborg/harvester/internal/io/sources/itis/name-usage.go:66.2,73.18 7 0
github.com/sfborg/harvester/internal/io/sources/itis/name-usage.go:73.18,82.17 6 0
github.com/sfborg/harvester/internal/io/sources/itis/name-usage.go:82.17,84.4 1 0
github.com/sfborg/harvester/internal/io/sources/itis/name-usage.go:85.3,96.21 8 0
github.com/sfborg/harvester/internal/io/sources/itis/name-usage.go:96.21,100.18 4 0
github.com/sfborg/harvester/internal/io/sources/itis/name-usage.go:100.18,102.5 1 0
github.com/sfborg/harvester/internal/io/sources/itis/name-usage.go:103.4,104.13 2 0
github.com/sfborg/harvester/internal/io/sources/itis/name-usage.go:107.2,110.16 3 0
github.com/sfborg/harvester/internal/io/sources/itis/name-usage.go:110.16,112.3 1 0
github.com/sfborg/harvester/internal/io/sources/itis/name-usage.go:113.2,113.12 1 0
github.com/sfborg/harvester/internal/io/sources/itis/name-usage.go:116.51,120.16 4 0
github.com/sfborg/harvester/internal/io/sources/itis/name-usage.go:120.16,122.3 1 0
github.com/sfborg/harvester/internal/io/sources/itis/name-usage.go:123.2,123.18 1 0
github.com/sfborg/harvester/internal/io/sources/itis/name-usage.go:123.18,127.17 4 0
github.com/sfborg/harvester/internal/io/sources/itis/name-usage.go:127.17,129.4 1 0
github.com/sfborg/harvester/internal/io/sources/itis/name-usage.go:130.3,130.17 1 0
github.com/sfborg/harvester/internal/io/sources/itis/name-usage.go:132.2,132.17 1 0
github.com/sfborg/harvester/internal/io/sources/itis/sfga.go:14.48,20.16 5 0
github.com/sfborg/harvester/internal/io/sources/itis/sfga.go:20.16,22.3 1 0
github.com/sfborg/harvester/internal/io/sources/itis/sfga.go:23.2,29.16 6 0
github.com/sfborg/harvester/internal/io/sources/itis/sfga.go:29.16,31.3 1 0
github.com/sfborg/harvester/internal/io/sources/itis/sfga.go:33.2,35.16 3 0
github.com/sfborg/harvester/internal/io/sources/itis/sfga.go:35.16,37.3 1 0
github.com/sfborg/harvester/internal/io/sources/itis/sfga.go:39.2,39.12 1 0
github.com/sfborg/harvester/internal/io/sources/itis/sfga.go:42.47,46.16 4 0
github.com/sfborg/harvester/internal/io/sources/itis/sfga.go:46.16,48.3 1 0
github.com/sfborg/harvester/internal/io/sources/itis/sfga.go:50.2,51.16 2 0
github.com/sfborg/harvester/internal/io/sources/itis/sfga.go:51.16,53.3 1 0
github.com/sfborg/harvester/internal/io/sources/itis/sfga.go:54.2,54.16 1 0
github.com/sfborg/harvester/internal/io/sources/itis/sfga.go:57.46,62.11 2 0
github.com/sfborg/harvester/internal/io/sources/itis/sfga.go:62.11,63.18 1 0
github.com/sfborg/harvester/internal/io/sources/itis/sfga.go:63.18,65.5 1 0
github.com/sfborg/harvester/internal/io/sources/itis/sfga.go:66.4,66.36 1 0
github.com/sfborg/harvester/internal/io/sources/itis/sfga.go:66.36,69.5 2 0
github.com/sfborg/harvester/internal/io/sources/itis/sfga.go:70.4,70.14 1 0
github.com/sfborg/harvester/internal/io/sources/itis/sfga.go:72.2,72.43 1 0
github.com/sfborg/harvester/internal/io/sources/itis/sfga.go:72.43,74.3 1 0
github.com/sfborg/harvester/internal/io/sources/itis/sfga.go:75.2,75.20 1 0
github.com/sfborg/harvester/internal/io/sources/itis/sfga.go:75.20,77.3 1 0
github.com/sfborg/harvester/internal/io/sources/itis/sfga.go:78.2,78.22 1 0
github.com/sfborg/harvester/internal/io/sources/text/name.go:14.36,16.16 2 0
github.com/sfborg/harvester/internal/io/sources/text/name.go:16.16,18.3 1 0
github.com/sfborg/harvester/internal/io/sources/text/name.go:19.2,24.21 3 0
github.com/sfborg/harvester/internal/io/sources/text/name.go:24.21,26.3 1 0
github.com/sfborg/harvester/internal/io/sources/text/name.go:28.2,33.22 4 0
github.com/sfborg/harvester/internal/io/sources/text/name.go:33.22,36.36 3 0
github.com/sfborg/harvester/internal/io/sources/text/name.go:36.36,37.55 1 0
github.com/sfborg/harvester/internal/io/sources/text/name.go:37.55,39.5 1 0
github.com/sfborg/harvester/internal/io/sources/text/name.go:40.4,40.21 1 0
github.com/sfborg/harvester/internal/io/sources/text/name.go:44.2,44.20 1 0
github.com/sfborg/harvester/internal/io/sources/text/name.go:44.20,45.54 1 0
github.com/sfborg/harvester/internal/io/sources/text/name.go:45.54,47.4 1 0
github.com/sfborg/harvester/internal/io/sources/text/name.go:50.2,50.37 1 0
github.com/sfborg/harvester/internal/io/sources/text/name.go:50.37,52.3 1 0
github.com/sfborg/harvester/internal/io/sources/text/name.go:53.2,53.12 1 0
github.com/sfborg/harvester/internal/io/sources/text/name.go:58.74,59.43 1 0
github.com/sfborg/harvester/internal/io/sources/text/name.go:59.43,61.22 2 0
github.com/sfborg/harvester/internal/io/sources/text/name.go:61.22,65.39 3 0
github.com/sfborg/harvester/internal/io/sources/text/name.go:65.39,66.13 1 0
github.com/sfborg/harvester/internal/io/sources/text/name.go:69.4,82.17 3 0
github.com/sfborg/harvester/internal/io/sources/text/name.go:82.17,84.5 1 0
github.com/sfborg/harvester/internal/io/sources/text/name.go:89.66,94.16 4 0
github.com/sfborg/harvester/internal/io/sources/text/name.go:94.16,96.3 1 0
github.com/sfborg/harvester/internal/io/sources/text/name.go:97.2,97.12 1 0
github.com/sfborg/harvester/internal/io/sources/text/text.go:24.44,38.2 3 0
github.com/sfborg/harvester/internal/io/sources/text/text.go:40.41,42.16 2 0
github.com/sfborg/harvester/internal/io/sources/text/text.go:42.16,44.3 1 0
github.com/sfborg/harvester/internal/io/sources/text/text.go:45.2,45.13 1 0
github.com/sfborg/harvester/internal/io/sources/text/text.go:45.13,48.3 2 0
github.com/sfborg/harvester/internal/io/sources/text/text.go:49.2,50.16 2 0
github.com/sfborg/harvester/internal/io/sources/text/text.go:50.16,52.3 1 0
github.com/sfborg/harvester/internal/io/sources/text/text.go:53.2,59.16 5 0
github.com/sfborg/harvester/internal/io/sources/text/text.go:59.16,61.3 1 0
github.com/sfborg/harvester/internal/io/sources/text/text.go:62.2,65.16 3 0
github.com/sfborg/harvester/internal/io/sources/text/text.go:65.16,67.3 1 0
github.com/sfborg/harvester/internal/io/sources/text/text.go:69.2,71.12 2 0
github.com/sfborg/harvester/internal/io/sources/text/text.go:75.48,81.16 5 0
github.com/sfborg/harvester/internal/io/sources/text/text.go:81.16,83.3 1 0
github.com/sfborg/harvester/internal/io/sources/text/text.go:85.2,85.12 1 0
github.com/sfborg/harvester/internal/io/sources/worldplants/wp.go:16.50,31.2 3 0
github.com/sfborg/harvester/internal/io/sources/xsv/names.go:16.35,31.16 8 0
github.com/sfborg/harvester/internal/io/sources/xsv/names.go:31.16,33.3 1 0
github.com/sfborg/harvester/internal/io/sources/xsv/names.go:34.2,42.16 6 0
github.com/sfborg/harvester/internal/io/sources/xsv/names.go:42.16,44.3 1 0
github.com/sfborg/harvester/internal/io/sources/xsv/names.go:45.2,51.12 5 0
github.com/sfborg/harvester/internal/io/sources/xsv/names.go:54.74,55.35 1 0
github.com/sfborg/harvester/internal/io/sources/xsv/names.go:55.35,58.3 2 0
github.com/sfborg/harvester/internal/io/sources/xsv/names.go:59.2,59.11 1 0
github.com/sfborg/harvester/internal/io/sources/xsv/names.go:67.3,71.24 4 0
github.com/sfborg/harvester/internal/io/sources/xsv/names.go:71.24,73.27 2 0
github.com/sfborg/harvester/internal/io/sources/xsv/names.go:73.27,75.12 2 0
github.com/sfborg/harvester/internal/io/sources/xsv/names.go:76.9,78.4 1 0
github.com/sfborg/harvester/internal/io/sources/xsv/names.go:79.3,153.57 3 0
github.com/sfborg/harvester/internal/io/sources/xsv/names.go:153.57,155.4 1 0
github.com/sfborg/harvester/internal/io/sources/xsv/names.go:156.3,157.18 2 0
github.com/sfborg/harvester/internal/io/sources/xsv/names.go:157.18,161.4 3 0
github.com/sfborg/harvester/internal/io/sources/xsv/names.go:163.3,163.14 1 0
github.com/sfborg/harvester/internal/io/sources/xsv/names.go:167.72,170.24 3 0
github.com/sfborg/harvester/internal/io/sources/xsv/names.go:170.24,172.3 1 0
github.com/sfborg/harvester/internal/io/sources/xsv/xsv.go:23.44,39.2 3 0
github.com/sfborg/harvester/internal/io/sources/xsv/xsv.go:41.40,51.16 2 0
github.com/sfborg/harvester/internal/io/sources/xsv/xsv.go:51.16,53.3 1 0
github.com/sfborg/harvester/internal/io/sources/xsv/xsv.go:54.2,60.16 5 0
github.com/sfborg/harvester/internal/io/sources/xsv/xsv.go:60.16,62.3 1 0
github.com/sfborg/harvester/internal/io/sources/xsv/xsv.go:63.2,66.16 3 0
github.com/sfborg/harvester/internal/io/sources/xsv/xsv.go:66.16,68.3 1 0
github.com/sfborg/harvester/internal/io/sources/xsv/xsv.go:70.2,72.12 2 0
github.com/sfborg/harvester/internal/io/sources/xsv/xsv.go:76.47,82.16 5 0
github.com/sfborg/harvester/internal/io/sources/xsv/xsv.go:82.16,84.3 1 0
github.com/sfborg/harvester/internal/io/sources/xsv/xsv.go:86.2,86.12 1 0
github.com/sfborg/harvester/internal/io/sysio/sysio.go:10.42,12.16 2 0
github.com/sfborg/harvester/internal/io/sysio/sysio.go:12.16,14.3 1 0
github.com/sfborg/harvester/internal/io/sysio/sysio.go:15.2,16.16 2 0
github.com/sfborg/harvester/internal/io/sysio/sysio.go:16.16,18.3 1 0
github.com/sfborg/harvester/internal/io/sysio/sysio.go:20.2,21.16 2 0
github.com/sfborg/harvester/internal/io/sysio/sysio.go:21.16,23.3 1 0
github.com/sfborg/harvester/internal/io/sysio/sysio.go:25.2,26.16 2 0
github.com/sfborg/harvester/internal/io/sysio/sysio.go:26.16,28.3 1 0
github.com/sfborg/harvester/internal/io/sysio/sysio.go:30.2,30.12 1 0
github.com/sfborg/harvester/internal/io/sysio/sysio.go:33.38,34.37 1 0
github.com/sfborg/harvester/internal/io/sysio/sysio.go:35.23,36.33 1 0
github.com/sfborg/harvester/internal/io/sysio/sysio.go:37.22,38.13 1 0
github.com/sfborg/harvester/internal/io/sysio/sysio.go:39.25,40.34 1 0
github.com/sfborg/harvester/internal/io/sysio/sysio.go:41.10,42.59 1 0
github.com/sfborg/harvester/pkg/harvester.go:22.39,29.2 2 0
github.com/sfborg/harvester/pkg/harvester.go:31.37,33.22 2 0
github.com/sfborg/harvester/pkg/harvester.go:33.22,35.3 1 0
github.com/sfborg/harvester/pkg/harvester.go:36.2,37.12 2 0
github.com/sfborg/harvester/pkg/harvester.go:40.58,46.31 6 0
github.com/sfborg/harvester/pkg/harvester.go:46.31,49.3 2 0
github.com/sfborg/harvester/pkg/harvester.go:51.2,51.24 1 0
github.com/sfborg/harvester/pkg/harvester.go:51.24,53.3 1 0
github.com/sfborg/harvester/pkg/harvester.go:53.8,55.17 2 0
github.com/sfborg/harvester/pkg/harvester.go:55.17,57.4 1 0
github.com/sfborg/harvester/pkg/harvester.go:59.3,61.17 3 0
github.com/sfborg/harvester/pkg/harvester.go:61.17,63.4 1 0
github.com/sfborg/harvester/pkg/harvester.go:66.2,68.16 3 0
github.com/sfborg/harvester/pkg/harvester.go:68.16,70.3 1 0
github.com/sfborg/harvester/pkg/harvester.go:72.2,73.16 2 0
github.com/sfborg/harvester/pkg/harvester.go:73.16,75.3 1 0
github.com/sfborg/harvester/pkg/harvester.go:77.2,78.12 2 0
github.com/sfborg/harvester/pkg/version.go:11.34,13.2 1 0
github.com/sfborg/harvester/pkg/config/config.go:74.35,75.25 1 0
github.com/sfborg/harvester/pkg/config/config.go:75.25,77.3 1 0
github.com/sfborg/harvester/pkg/config/config.go:80.36,81.25 1 0
github.com/sfborg/harvester/pkg/config/config.go:81.25,83.3 1 0
github.com/sfborg/harvester/pkg/config/config.go:86.36,87.25 1 0
github.com/sfborg/harvester/pkg/config/config.go:87.25,89.3 1 0
github.com/sfborg/harvester/pkg/config/config.go:92.38,93.25 1 0
github.com/sfborg/harvester/pkg/config/config.go:93.25,95.3 1 0
github.com/sfborg/harvester/pkg/config/config.go:98.37,99.25 1 0
github.com/sfborg/harvester/pkg/config/config.go:99.25,101.3 1 0
github.com/sfborg/harvester/pkg/config/config.go:104.40,105.25 1 0
github.com/sfborg/harvester/pkg/config/config.go:105.25,107.3 1 0
github.com/sfborg/harvester/pkg/config/config.go:110.38,111.25 1 0
github.com/sfborg/harvester/pkg/config/config.go:111.25,113.3 1 0
github.com/sfborg/harvester/pkg/config/config.go:116.33,117.25 1 0
github.com/sfborg/harvester/pkg/config/config.go:117.25,119.3 1 0
github.com/sfborg/harvester/pkg/config/config.go:122.40,123.25 1 0
github.com/sfborg/harvester/pkg/config/config.go:123.25,125.3 1 0
github.com/sfborg/harvester/pkg/config/config.go:128.33,131.16 3 0
github.com/sfborg/harvester/pkg/config/config.go:131.16,133.3 1 0
github.com/sfborg/harvester/pkg/config/config.go:135.2,144.27 3 0
github.com/sfborg/harvester/pkg/config/config.go:144.27,146.3 1 0
github.com/sfborg/harvester/pkg/config/config.go:148.2,152.12 4 0
